<?xml version="1.0" encoding="UTF-8"?>
<!-- Generated by org.testng.reporters.JUnitReportReporter -->
<testsuite hostname="Anmolkhare" failures="0" tests="4" name="testCases.GroupPriority" time="0.031" errors="0" timestamp="2023-08-10T22:06:59 IST" skipped="0">
  <testcase classname="testCases.GroupPriority" name="cat" time="0.009"/>
  <testcase classname="testCases.GroupPriority" name="test1" time="0.001"/>
  <testcase classname="testCases.GroupPriority" name="ball" time="0.005"/>
  <testcase classname="testCases.GroupPriority" name="anmol" time="0.016"/>
</testsuite> <!-- testCases.GroupPriority -->
