<?xml version="1.0" encoding="UTF-8"?>
<!-- Generated by org.testng.reporters.JUnitReportReporter -->
<testsuite hostname="Anmolkhare" failures="0" tests="4" name="testCases.TestngPriority" time="0.021" errors="0" timestamp="2023-08-10T22:06:59 IST" skipped="0">
  <testcase classname="testCases.TestngPriority" name="dog" time="0.001"/>
  <testcase classname="testCases.TestngPriority" name="test1" time="0.013"/>
  <testcase classname="testCases.TestngPriority" name="anmol" time="0.001"/>
  <testcase classname="testCases.TestngPriority" name="ball" time="0.006"/>
</testsuite> <!-- testCases.TestngPriority -->
