<?xml version="1.0" encoding="UTF-8"?>
<!-- Generated by org.testng.reporters.JUnitReportReporter -->
<testsuite hostname="Anmolkhare" failures="0" tests="2" name="selenium.practice.TestNGAnnotations" time="0.023" errors="0" timestamp="2023-08-04T19:50:48 IST" skipped="0">
  <testcase classname="selenium.practice.TestNGAnnotations" name="Test" time="0.017"/>
  <testcase classname="selenium.practice.TestNGAnnotations" name="Test1" time="0.006"/>
</testsuite> <!-- selenium.practice.TestNGAnnotations -->
