<?xml version="1.0" encoding="UTF-8"?>
<!-- Generated by org.testng.reporters.JUnitReportReporter -->
<testsuite hostname="Anmolkhare" failures="0" tests="1" name="omayo.testcases.VerifyTableData" time="27.596" errors="0" timestamp="2023-08-15T09:30:41 IST" skipped="0">
  <testcase classname="omayo.testcases.VerifyTableData" name="VerifyTableDataOfApplication" time="27.596"/>
</testsuite> <!-- omayo.testcases.VerifyTableData -->
