<?xml version="1.0" encoding="UTF-8"?>
<!-- Generated by org.testng.reporters.JUnitReportReporter -->
<testsuite hostname="Anmolkhare" failures="0" tests="1" name="omayo.testcases.VerificationofMultiSelectFunctionofDropDown" time="5.874" errors="0" timestamp="2023-08-11T22:08:23 IST" skipped="0">
  <testcase classname="omayo.testcases.VerificationofMultiSelectFunctionofDropDown" name="verificationofMultiSelectFunctionofDropDown" time="5.874"/>
</testsuite> <!-- omayo.testcases.VerificationofMultiSelectFunctionofDropDown -->
